<?xml version="1.0" encoding="UTF-8"?>
<!-- Generated by org.testng.reporters.JUnitReportReporter -->
<testsuite hostname="DESKTOP-0Q3J1E1" failures="0" tests="1" name="users.Tc_001" time="38.640" errors="0" timestamp="2022-03-02T21:05:44 IST" skipped="0">
  <testcase classname="users.Tc_001" name="Tc_01" time="38.640"/>
  <system-out/>
</testsuite> <!-- users.Tc_001 -->
