<?xml version="1.0" encoding="UTF-8"?>
<!-- Generated by org.testng.reporters.JUnitReportReporter -->
<testsuite hostname="DESKTOP-0Q3J1E1" failures="0" tests="1" name="users.Tc_003" time="55.533" errors="0" timestamp="2022-03-02T21:31:30 IST" skipped="0">
  <testcase classname="users.Tc_003" name="Tc_02" time="55.533"/>
  <system-out/>
</testsuite> <!-- users.Tc_003 -->
